# JRE version: OpenJDK Runtime Environment Microsoft-8035250 (11.0.20+8) (build 11.0.20+8-LTS)
# Java VM: OpenJDK 64-Bit Server VM Microsoft-8035250 (11.0.20+8-LTS, mixed mode, tiered, compressed oops, g1 gc, windows-amd64)
Heap:
 garbage-first heap   total 524288K, used 29254K [0x0000000080000000, 0x0000000100000000)
  region size 1024K, 13 young (13312K), 6 survivors (6144K)
 Metaspace       used 37232K, capacity 38122K, committed 38224K, reserved 550912K
  class space    used 4722K, capacity 5068K, committed 5120K, reserved 516096K
GC Heap History (8 events):
Event: 0.463 GC heap before
{Heap before GC invocations=0 (full 0):
 garbage-first heap   total 524288K, used 29696K [0x0000000080000000, 0x0000000100000000)
  region size 1024K, 25 young (25600K), 0 survivors (0K)
 Metaspace       used 9889K, capacity 10088K, committed 10368K, reserved 526336K
  class space    used 1001K, capacity 1069K, committed 1152K, reserved 516096K
}
Event: 0.466 GC heap after
{Heap after GC invocations=1 (full 0):
 garbage-first heap   total 524288K, used 10319K [0x0000000080000000, 0x0000000100000000)
  region size 1024K, 4 young (4096K), 4 survivors (4096K)
 Metaspace       used 9889K, capacity 10088K, committed 10368K, reserved 526336K
  class space    used 1001K, capacity 1069K, committed 1152K, reserved 516096K
}
Event: 2.691 GC heap before
{Heap before GC invocations=1 (full 0):
 garbage-first heap   total 524288K, used 101455K [0x0000000080000000, 0x0000000100000000)
  region size 1024K, 93 young (95232K), 4 survivors (4096K)
 Metaspace       used 20743K, capacity 21150K, committed 21296K, reserved 536576K
  class space    used 2461K, capacity 2614K, committed 2688K, reserved 516096K
}
Event: 2.700 GC heap after
{Heap after GC invocations=2 (full 0):
 garbage-first heap   total 524288K, used 18090K [0x0000000080000000, 0x0000000100000000)
  region size 1024K, 12 young (12288K), 12 survivors (12288K)
 Metaspace       used 20743K, capacity 21150K, committed 21296K, reserved 536576K
  class space    used 2461K, capacity 2614K, committed 2688K, reserved 516096K
}
Event: 3.151 GC heap before
{Heap before GC invocations=3 (full 0):
 garbage-first heap   total 524288K, used 74410K [0x0000000080000000, 0x0000000100000000)
  region size 1024K, 67 young (68608K), 12 survivors (12288K)
 Metaspace       used 25930K, capacity 26497K, committed 26800K, reserved 540672K
  class space    used 3279K, capacity 3485K, committed 3584K, reserved 516096K
}
Event: 3.155 GC heap after
{Heap after GC invocations=4 (full 0):
 garbage-first heap   total 524288K, used 19894K [0x0000000080000000, 0x0000000100000000)
  region size 1024K, 3 young (3072K), 3 survivors (3072K)
 Metaspace       used 25930K, capacity 26497K, committed 26800K, reserved 540672K
  class space    used 3279K, capacity 3485K, committed 3584K, reserved 516096K
}
Event: 3.831 GC heap before
{Heap before GC invocations=4 (full 0):
 garbage-first heap   total 524288K, used 93622K [0x0000000080000000, 0x0000000100000000)
  region size 1024K, 76 young (77824K), 3 survivors (3072K)
 Metaspace       used 34948K, capacity 35757K, committed 35920K, reserved 548864K
  class space    used 4424K, capacity 4748K, committed 4864K, reserved 516096K
}
Event: 3.837 GC heap after
{Heap after GC invocations=5 (full 0):
 garbage-first heap   total 524288K, used 23110K [0x0000000080000000, 0x0000000100000000)
  region size 1024K, 6 young (6144K), 6 survivors (6144K)
 Metaspace       used 34948K, capacity 35757K, committed 35920K, reserved 548864K
  class space    used 4424K, capacity 4748K, committed 4864K, reserved 516096K
}

